<?xml version="1.0" encoding="UTF-8"?>
<!-- Generated by org.testng.reporters.JUnitReportReporter -->
<testsuite hostname="DESKTOP-6E13JVC" failures="0" tests="1" name="com.qa.fb.keyword.Test.LoginTest" time="8.202" errors="0" timestamp="23 Aug 2022 03:24:09 GMT" skipped="0">
  <testcase classname="com.qa.fb.keyword.Test.LoginTest" name="signUpTest" time="8.202"/>
</testsuite> <!-- com.qa.fb.keyword.Test.LoginTest -->
